[2025-10-29T11:38:35Z] Running update script
[2025-10-29T11:38:36Z] git pull output:
From https://github.com/langtech-bsc/eloquence-interactive-playground
 * branch            main       -> FETCH_HEAD
   5a1559c..3ba74f3  main       -> origin/main
Updating 5a1559c..3ba74f3
Fast-forward
 README.md | 2 +-
 1 file changed, 1 insertion(+), 1 deletion(-)
[2025-10-29T11:38:36Z] Changed files after pull:
README.md
[2025-10-29T11:38:36Z] Rebuilding image/container due to code changes.
[2025-10-29T11:38:39Z] Pushed log commit.
[2025-10-29T11:38:40Z] Update script finished
[2025-10-29T11:42:02Z] Running update script
[2025-10-29T11:42:03Z] git pull output:
From https://github.com/langtech-bsc/eloquence-interactive-playground
 * branch            main       -> FETCH_HEAD
Already up to date.
[2025-10-29T11:42:03Z] No changes after pull.
[2025-10-29T11:42:03Z] No rebuild required (only logs changed or no changes).
[2025-10-29T11:45:22Z] Running update script
[2025-10-29T11:45:23Z] git pull output:
From https://github.com/langtech-bsc/eloquence-interactive-playground
 * branch            main       -> FETCH_HEAD
Already up to date.
[2025-10-29T11:45:23Z] No changes after pull.
[2025-10-29T11:45:23Z] No rebuild required (only logs changed or no changes).
[2025-10-29T11:45:23Z] Pushed log commit.
[2025-10-29T11:45:24Z] Update script finished
[2025-10-29T11:47:02Z] Running update script
[2025-10-29T11:47:03Z] git pull output:
From https://github.com/langtech-bsc/eloquence-interactive-playground
 * branch            main       -> FETCH_HEAD
Already up to date.
[2025-10-29T11:47:03Z] No changes after pull.
[2025-10-29T11:47:03Z] No rebuild required (only logs changed or no changes).
[2025-10-29T11:47:03Z] Pushed log commit.
[2025-10-29T11:47:04Z] Update script finished
[2025-10-29T11:49:17Z] Running update script
[2025-10-29T11:49:18Z] git pull output:
From https://github.com/langtech-bsc/eloquence-interactive-playground
 * branch            main       -> FETCH_HEAD
Already up to date.
[2025-10-29T11:49:18Z] No changes after pull.
[2025-10-29T11:49:18Z] No rebuild required (only logs changed or no changes).
[2025-10-29T11:49:18Z] No upstream commits pulled; skipping log commit.
[2025-10-29T11:49:18Z] Update script finished
[2025-10-29T11:49:42Z] Running update script
[2025-10-29T11:49:44Z] git pull output:
From https://github.com/langtech-bsc/eloquence-interactive-playground
 * branch            main       -> FETCH_HEAD
Already up to date.
[2025-10-29T11:49:44Z] No changes after pull.
[2025-10-29T11:49:44Z] No rebuild required (only logs changed or no changes).
[2025-10-29T11:49:44Z] No upstream commits pulled; skipping log commit.
[2025-10-29T11:49:44Z] Update script finished
[2025-10-29T12:08:51Z] Changes detected on main; preparing rebuild.
git pull output:
From https://github.com/langtech-bsc/eloquence-interactive-playground
 * branch            main       -> FETCH_HEAD
   f6e6287..d8c5b7b  main       -> origin/main
Updating f6e6287..d8c5b7b
Fast-forward
 README.md | 2 +-
 1 file changed, 1 insertion(+), 1 deletion(-)
Changed files:
README.md
